2015/05/25 15:21:11 [error] [php] Undefined variable: model (C:\wamp\www\yii\facil\protected\views\hola\index.php:3)
Stack trace:
#0 C:\wamp\www\yii\framework\web\CController.php(869): HolaController->renderFile()
#1 C:\wamp\www\yii\framework\web\CController.php(782): HolaController->renderPartial()
#2 C:\wamp\www\yii\facil\protected\controllers\HolaController.php(8): HolaController->render()
#3 C:\wamp\www\yii\framework\web\actions\CInlineAction.php(49): HolaController->actionIndex()
#4 C:\wamp\www\yii\framework\web\CController.php(308): CInlineAction->runWithParams()
#5 C:\wamp\www\yii\framework\web\CController.php(286): HolaController->runAction()
#6 C:\wamp\www\yii\framework\web\CController.php(265): HolaController->runActionWithFilters()
#7 C:\wamp\www\yii\framework\web\CWebApplication.php(282): HolaController->run()
#8 C:\wamp\www\yii\framework\web\CWebApplication.php(141): CWebApplication->runController()
#9 C:\wamp\www\yii\framework\base\CApplication.php(184): CWebApplication->processRequest()
#10 C:\wamp\www\yii\facil\index.php(13): CWebApplication->run()
REQUEST_URI=/yii/facil/hola/index
in C:\wamp\www\yii\facil\protected\views\hola\index.php (3)
in C:\wamp\www\yii\facil\protected\controllers\HolaController.php (8)
in C:\wamp\www\yii\facil\index.php (13)
2015/05/25 20:33:04 [error] [exception.CHttpException.404] exception 'CHttpException' with message 'Unable to resolve the request "js/bootstrap.min.js".' in C:\wamp\www\yii\framework\web\CWebApplication.php:286
Stack trace:
#0 C:\wamp\www\yii\framework\web\CWebApplication.php(141): CWebApplication->runController('js/bootstrap.mi...')
#1 C:\wamp\www\yii\framework\base\CApplication.php(184): CWebApplication->processRequest()
#2 C:\wamp\www\yii\facil\index.php(13): CApplication->run()
#3 {main}
REQUEST_URI=/yii/facil/js/bootstrap.min.js
HTTP_REFERER=http://localhost/yii/facil/
---
2015/05/25 20:33:07 [error] [exception.CHttpException.404] exception 'CHttpException' with message 'Unable to resolve the request "js/jquery.js".' in C:\wamp\www\yii\framework\web\CWebApplication.php:286
Stack trace:
#0 C:\wamp\www\yii\framework\web\CWebApplication.php(141): CWebApplication->runController('js/jquery.js')
#1 C:\wamp\www\yii\framework\base\CApplication.php(184): CWebApplication->processRequest()
#2 C:\wamp\www\yii\facil\index.php(13): CApplication->run()
#3 {main}
REQUEST_URI=/yii/facil/js/jquery.js
HTTP_REFERER=http://localhost/yii/facil/
---
2015/05/25 20:34:23 [error] [exception.CHttpException.404] exception 'CHttpException' with message 'Unable to resolve the request "js/jquery.js".' in C:\wamp\www\yii\framework\web\CWebApplication.php:286
Stack trace:
#0 C:\wamp\www\yii\framework\web\CWebApplication.php(141): CWebApplication->runController('js/jquery.js')
#1 C:\wamp\www\yii\framework\base\CApplication.php(184): CWebApplication->processRequest()
#2 C:\wamp\www\yii\facil\index.php(13): CApplication->run()
#3 {main}
REQUEST_URI=/yii/facil/js/jquery.js
HTTP_REFERER=http://localhost/yii/facil/
---
2015/05/25 20:34:23 [error] [exception.CHttpException.404] exception 'CHttpException' with message 'Unable to resolve the request "js/bootstrap.min.js".' in C:\wamp\www\yii\framework\web\CWebApplication.php:286
Stack trace:
#0 C:\wamp\www\yii\framework\web\CWebApplication.php(141): CWebApplication->runController('js/bootstrap.mi...')
#1 C:\wamp\www\yii\framework\base\CApplication.php(184): CWebApplication->processRequest()
#2 C:\wamp\www\yii\facil\index.php(13): CApplication->run()
#3 {main}
REQUEST_URI=/yii/facil/js/bootstrap.min.js
HTTP_REFERER=http://localhost/yii/facil/
---
2015/05/27 14:12:50 [error] [exception.CHttpException.404] exception 'CHttpException' with message 'Unable to resolve the request "users".' in C:\wamp\www\yii\framework\web\CWebApplication.php:286
Stack trace:
#0 C:\wamp\www\yii\framework\web\CWebApplication.php(141): CWebApplication->runController('users')
#1 C:\wamp\www\yii\framework\base\CApplication.php(184): CWebApplication->processRequest()
#2 C:\wamp\www\yii\facil\index.php(13): CApplication->run()
#3 {main}
REQUEST_URI=/yii/facil/users
---
